[ 2016-06-20T14:29:21+08:00 ] 113.104.231.170 /baodan/index.php/themes/default/easyui.css
INFO: [ app_init ] --START--
INFO: Run Behavior\BuildLiteBehavior [ RunTime:0.000000s ]
INFO: [ app_init ] --END-- [ RunTime:0.000000s ]
ERR: 无法加载模块:Themes

[ 2016-06-20T14:29:22+08:00 ] 113.104.231.170 /baodan/index.php/themes/icon.css
INFO: [ app_init ] --START--
INFO: Run Behavior\BuildLiteBehavior [ RunTime:0.000000s ]
INFO: [ app_init ] --END-- [ RunTime:0.000000s ]
ERR: 无法加载模块:Themes

[ 2016-06-20T14:29:22+08:00 ] 113.104.231.170 /baodan/index.php/jquery.min.js
INFO: [ app_init ] --START--
INFO: Run Behavior\BuildLiteBehavior [ RunTime:0.000000s ]
INFO: [ app_init ] --END-- [ RunTime:0.000000s ]
ERR: 无法加载模块:Jquery.min

[ 2016-06-20T14:29:22+08:00 ] 113.104.231.170 /baodan/index.php/jquery.easyui.min.js
INFO: [ app_init ] --START--
INFO: Run Behavior\BuildLiteBehavior [ RunTime:0.000000s ]
INFO: [ app_init ] --END-- [ RunTime:0.000000s ]
ERR: 无法加载模块:Jquery.easyui.min

[ 2016-06-20T14:30:54+08:00 ] 113.104.231.170 /baodan/index.php/themes/default/easyui.css
INFO: [ app_init ] --START--
INFO: Run Behavior\BuildLiteBehavior [ RunTime:0.000000s ]
INFO: [ app_init ] --END-- [ RunTime:0.000000s ]
ERR: 无法加载模块:Themes

[ 2016-06-20T14:30:54+08:00 ] 113.104.231.170 /baodan/index.php/themes/icon.css
INFO: [ app_init ] --START--
INFO: Run Behavior\BuildLiteBehavior [ RunTime:0.000000s ]
INFO: [ app_init ] --END-- [ RunTime:0.000000s ]
ERR: 无法加载模块:Themes

[ 2016-06-20T14:30:55+08:00 ] 113.104.231.170 /baodan/index.php/jquery.min.js
INFO: [ app_init ] --START--
INFO: Run Behavior\BuildLiteBehavior [ RunTime:0.000000s ]
INFO: [ app_init ] --END-- [ RunTime:0.000000s ]
ERR: 无法加载模块:Jquery.min

[ 2016-06-20T14:30:55+08:00 ] 113.104.231.170 /baodan/index.php/jquery.easyui.min.js
INFO: [ app_init ] --START--
INFO: Run Behavior\BuildLiteBehavior [ RunTime:0.000000s ]
INFO: [ app_init ] --END-- [ RunTime:0.000000s ]
ERR: 无法加载模块:Jquery.easyui.min

[ 2016-06-20T14:35:09+08:00 ] 113.104.231.170 /baodan/index.php/themes/default/easyui.css
INFO: [ app_init ] --START--
INFO: Run Behavior\BuildLiteBehavior [ RunTime:0.000000s ]
INFO: [ app_init ] --END-- [ RunTime:0.000000s ]
ERR: 无法加载模块:Themes

[ 2016-06-20T14:35:09+08:00 ] 113.104.231.170 /baodan/index.php/jquery.min.js
INFO: [ app_init ] --START--
INFO: Run Behavior\BuildLiteBehavior [ RunTime:0.000000s ]
INFO: [ app_init ] --END-- [ RunTime:0.000000s ]
ERR: 无法加载模块:Jquery.min

[ 2016-06-20T14:35:09+08:00 ] 113.104.231.170 /baodan/index.php/jquery.easyui.min.js
INFO: [ app_init ] --START--
INFO: Run Behavior\BuildLiteBehavior [ RunTime:0.000000s ]
INFO: [ app_init ] --END-- [ RunTime:0.000000s ]
ERR: 无法加载模块:Jquery.easyui.min

[ 2016-06-20T14:35:10+08:00 ] 113.104.231.170 /baodan/index.php/themes/icon.css
INFO: [ app_init ] --START--
INFO: Run Behavior\BuildLiteBehavior [ RunTime:0.000000s ]
INFO: [ app_init ] --END-- [ RunTime:0.000000s ]
ERR: 无法加载模块:Themes

